<?xml version="1.0" encoding="UTF-8"?>
<!-- Generated by org.testng.reporters.JUnitReportReporter -->
<testsuite hostname="DESKTOP-BSK1J2J" failures="1" tests="3" name="stepsRunners.TestNGTestRunner" time="36.314" errors="0" timestamp="2022-04-05T13:33:40 EDT" skipped="0">
  <testcase classname="stepsRunners.TestNGTestRunner" name="runScenario" time="14.761"/>
  <system-out/>
  <testcase classname="stepsRunners.TestNGTestRunner" name="runScenario" time="10.724"/>
  <system-out/>
  <testcase classname="stepsRunners.TestNGTestRunner" name="runScenario" time="10.829">
    <failure message="expected [Beetroot] but found [No data]" type="java.lang.AssertionError">
      <![CDATA[java.lang.AssertionError: expected [Beetroot] but found [No data]
at org.testng.Assert.fail(Assert.java:99)
at org.testng.Assert.failNotEquals(Assert.java:1037)
at org.testng.Assert.assertEqualsImpl(Assert.java:140)
at org.testng.Assert.assertEquals(Assert.java:122)
at org.testng.Assert.assertEquals(Assert.java:629)
at org.testng.Assert.assertEquals(Assert.java:639)
at stepDefinitions.TopDealsStep.validate_product_name_in_top_deals_page(TopDealsStep.java:56)
at âœ½.validate product name in top deals page matches with Landing Page(file:///C:/Users/Anikm/eclipse-workspace/Cucumber_TestNG_2022/src/test/java/features/SearchProducts.feature:8)
]]>
    </failure>
  </testcase> <!-- runScenario -->
  <system-out/>
</testsuite> <!-- stepsRunners.TestNGTestRunner -->
